TN:
SF:src\js\Bowerman.js
FN:4,(anonymous_0)
FNF:1
FNH:1
FNDA:11,(anonymous_0)
DA:5,11
DA:6,11
DA:7,11
LF:3
LH:3
BRF:0
BRH:0
end_of_record
TN:
SF:src\js\Character.js
FN:2,(anonymous_0)
FN:21,(anonymous_1)
FN:32,(anonymous_2)
FNF:3
FNH:3
FNDA:21,(anonymous_0)
FNDA:4,(anonymous_1)
FNDA:6,(anonymous_2)
DA:4,21
DA:5,3
DA:8,18
DA:9,18
DA:10,1
DA:13,17
DA:14,17
DA:15,17
DA:16,17
DA:17,17
DA:18,17
DA:22,4
DA:23,2
DA:26,2
DA:27,2
DA:28,2
DA:29,2
DA:33,6
DA:34,1
DA:37,5
DA:38,5
LF:21
LH:21
BRDA:4,0,0,3
BRDA:4,0,1,18
BRDA:4,1,0,21
BRDA:4,1,1,20
BRDA:4,1,2,19
BRDA:9,2,0,1
BRDA:9,2,1,17
BRDA:22,3,0,2
BRDA:22,3,1,2
BRDA:33,4,0,1
BRDA:33,4,1,5
BRF:11
BRH:11
end_of_record
TN:
SF:src\js\Daemon.js
FN:4,(anonymous_0)
FNF:1
FNH:1
FNDA:1,(anonymous_0)
DA:5,1
DA:6,1
DA:7,1
LF:3
LH:3
BRF:0
BRH:0
end_of_record
TN:
SF:src\js\Magician.js
FN:4,(anonymous_0)
FNF:1
FNH:1
FNDA:1,(anonymous_0)
DA:5,1
DA:6,1
DA:7,1
LF:3
LH:3
BRF:0
BRH:0
end_of_record
TN:
SF:src\js\Swordsman.js
FN:4,(anonymous_0)
FNF:1
FNH:1
FNDA:1,(anonymous_0)
DA:5,1
DA:6,1
DA:7,1
LF:3
LH:3
BRF:0
BRH:0
end_of_record
TN:
SF:src\js\Undead.js
FN:4,(anonymous_0)
FNF:1
FNH:1
FNDA:1,(anonymous_0)
DA:5,1
DA:6,1
DA:7,1
LF:3
LH:3
BRF:0
BRH:0
end_of_record
TN:
SF:src\js\Zombie.js
FN:4,(anonymous_0)
FNF:1
FNH:1
FNDA:1,(anonymous_0)
DA:5,1
DA:6,1
DA:7,1
LF:3
LH:3
BRF:0
BRH:0
end_of_record
